2025-08-30 21:44:38.433 [main] INFO  com.itheima.TliasWebManagementApplication-Starting TliasWebManagementApplication using Java 21.0.2 with PID 19640 (E:\Project\BackEnd_learning\web-code\web-ai-project02\tlias-web-management\target\classes started by Dell in E:\Project\BackEnd_learning\web-code\web-ai-project02)
2025-08-30 21:44:38.434 [main] INFO  com.itheima.TliasWebManagementApplication-No active profile set, falling back to 1 default profile: "default"
2025-08-30 21:44:39.034 [main] INFO  o.s.boot.web.embedded.tomcat.TomcatWebServer-Tomcat initialized with port 8080 (http)
2025-08-30 21:44:39.042 [main] INFO  org.apache.coyote.http11.Http11NioProtocol-Initializing ProtocolHandler ["http-nio-8080"]
2025-08-30 21:44:39.043 [main] INFO  org.apache.catalina.core.StandardService-Starting service [Tomcat]
2025-08-30 21:44:39.043 [main] INFO  org.apache.catalina.core.StandardEngine-Starting Servlet engine: [Apache Tomcat/10.1.44]
2025-08-30 21:44:39.071 [main] INFO  o.a.c.core.ContainerBase.[Tomcat].[localhost].[/]-Initializing Spring embedded WebApplicationContext
2025-08-30 21:44:39.071 [main] INFO  o.s.b.w.s.c.ServletWebServerApplicationContext-Root WebApplicationContext: initialization completed in 611 ms
2025-08-30 21:44:39.500 [main] INFO  org.apache.coyote.http11.Http11NioProtocol-Starting ProtocolHandler ["http-nio-8080"]
2025-08-30 21:44:39.530 [main] INFO  o.s.boot.web.embedded.tomcat.TomcatWebServer-Tomcat started on port 8080 (http) with context path '/'
2025-08-30 21:44:39.545 [main] INFO  com.itheima.TliasWebManagementApplication-Started TliasWebManagementApplication in 1.365 seconds (process running for 1.824)
2025-08-30 21:44:43.686 [SpringApplicationShutdownHook] INFO  o.s.boot.web.embedded.tomcat.GracefulShutdown-Commencing graceful shutdown. Waiting for active requests to complete
2025-08-30 21:44:43.694 [tomcat-shutdown] INFO  o.s.boot.web.embedded.tomcat.GracefulShutdown-Graceful shutdown complete
2025-08-30 21:46:40.780 [main] INFO  com.itheima.TliasWebManagementApplication-Starting TliasWebManagementApplication using Java 21.0.2 with PID 35240 (E:\Project\BackEnd_learning\web-code\web-ai-project02\tlias-web-management\target\classes started by Dell in E:\Project\BackEnd_learning\web-code\web-ai-project02)
2025-08-30 21:46:40.781 [main] INFO  com.itheima.TliasWebManagementApplication-No active profile set, falling back to 1 default profile: "default"
2025-08-30 21:46:41.410 [main] INFO  o.s.boot.web.embedded.tomcat.TomcatWebServer-Tomcat initialized with port 8080 (http)
2025-08-30 21:46:41.418 [main] INFO  org.apache.coyote.http11.Http11NioProtocol-Initializing ProtocolHandler ["http-nio-8080"]
2025-08-30 21:46:41.420 [main] INFO  org.apache.catalina.core.StandardService-Starting service [Tomcat]
2025-08-30 21:46:41.420 [main] INFO  org.apache.catalina.core.StandardEngine-Starting Servlet engine: [Apache Tomcat/10.1.44]
2025-08-30 21:46:41.448 [main] INFO  o.a.c.core.ContainerBase.[Tomcat].[localhost].[/]-Initializing Spring embedded WebApplicationContext
2025-08-30 21:46:41.449 [main] INFO  o.s.b.w.s.c.ServletWebServerApplicationContext-Root WebApplicationContext: initialization completed in 644 ms
2025-08-30 21:46:41.825 [main] INFO  org.apache.coyote.http11.Http11NioProtocol-Starting ProtocolHandler ["http-nio-8080"]
2025-08-30 21:46:41.837 [main] INFO  o.s.boot.web.embedded.tomcat.TomcatWebServer-Tomcat started on port 8080 (http) with context path '/'
2025-08-30 21:46:41.842 [main] INFO  com.itheima.TliasWebManagementApplication-Started TliasWebManagementApplication in 1.328 seconds (process running for 1.765)
2025-08-30 21:46:55.259 [http-nio-8080-exec-1] INFO  o.a.c.core.ContainerBase.[Tomcat].[localhost].[/]-Initializing Spring DispatcherServlet 'dispatcherServlet'
2025-08-30 21:46:55.259 [http-nio-8080-exec-1] INFO  org.springframework.web.servlet.DispatcherServlet-Initializing Servlet 'dispatcherServlet'
2025-08-30 21:46:55.260 [http-nio-8080-exec-1] INFO  org.springframework.web.servlet.DispatcherServlet-Completed initialization in 1 ms
2025-08-30 21:46:55.398 [http-nio-8080-exec-1] INFO  com.itheima.controller.conrtroller.DeptController-添加部门：Dept(id=null, name=万花筒, createTime=null, updateTime=null)
2025-08-30 21:46:55.416 [http-nio-8080-exec-1] INFO  com.zaxxer.hikari.HikariDataSource-HikariPool-1 - Starting...
2025-08-30 21:46:56.036 [http-nio-8080-exec-1] INFO  com.zaxxer.hikari.pool.HikariPool-HikariPool-1 - Added connection com.mysql.cj.jdbc.ConnectionImpl@75fbce55
2025-08-30 21:46:56.039 [http-nio-8080-exec-1] INFO  com.zaxxer.hikari.HikariDataSource-HikariPool-1 - Start completed.
2025-08-30 21:46:56.248 [http-nio-8080-exec-3] INFO  com.itheima.controller.conrtroller.DeptController-查询全部部门数据
2025-08-30 21:46:58.194 [http-nio-8080-exec-6] INFO  com.itheima.controller.conrtroller.DeptController-根据ID查询部门：10
2025-08-30 21:47:05.332 [http-nio-8080-exec-4] INFO  com.itheima.controller.conrtroller.DeptController-修改部门：Dept(id=10, name=神威, createTime=2025-08-30T21:46:55, updateTime=2025-08-30T21:46:55)
2025-08-30 21:47:05.349 [http-nio-8080-exec-5] INFO  com.itheima.controller.conrtroller.DeptController-查询全部部门数据
2025-08-30 21:47:08.376 [http-nio-8080-exec-2] INFO  com.itheima.controller.conrtroller.DeptController-根据ID删除部门：10
2025-08-30 21:47:08.393 [http-nio-8080-exec-7] INFO  com.itheima.controller.conrtroller.DeptController-查询全部部门数据
2025-08-30 21:47:43.619 [SpringApplicationShutdownHook] INFO  o.s.boot.web.embedded.tomcat.GracefulShutdown-Commencing graceful shutdown. Waiting for active requests to complete
2025-08-30 21:47:43.631 [tomcat-shutdown] INFO  o.s.boot.web.embedded.tomcat.GracefulShutdown-Graceful shutdown complete
2025-08-30 21:47:43.636 [SpringApplicationShutdownHook] INFO  com.zaxxer.hikari.HikariDataSource-HikariPool-1 - Shutdown initiated...
2025-08-30 21:47:43.641 [SpringApplicationShutdownHook] INFO  com.zaxxer.hikari.HikariDataSource-HikariPool-1 - Shutdown completed.
